k:\labs\2year\polynomials\build\debug\polynomials.pdb
k:\labs\2year\polynomials\build\polynomials.dir\debug\base_table.obj
k:\labs\2year\polynomials\build\polynomials.dir\debug\list_table.obj
k:\labs\2year\polynomials\build\polynomials.dir\debug\ordered_table.obj
k:\labs\2year\polynomials\build\polynomials.dir\debug\postfix.obj
k:\labs\2year\polynomials\build\polynomials.dir\debug\hash_table.obj
k:\labs\2year\polynomials\build\polynomials.dir\debug\interface.obj
k:\labs\2year\polynomials\build\polynomials.dir\debug\monom.obj
k:\labs\2year\polynomials\build\polynomials.dir\debug\polynomial.obj
k:\labs\2year\polynomials\build\polynomials.dir\debug\arr_table.obj
k:\labs\2year\polynomials\build\polynomials.dir\debug\open_access_hash_table.obj
k:\labs\2year\polynomials\build\polynomials.dir\debug\chaining_hash_table.obj
k:\labs\2year\polynomials\build\polynomials.dir\debug\tree_table.obj
k:\labs\2year\polynomials\build\cmakefiles\generate.stamp
k:\labs\2year\polynomials\build\debug\polynomials.lib
k:\labs\2year\polynomials\build\polynomials.dir\debug\polynomials.tlog\cl.command.1.tlog
k:\labs\2year\polynomials\build\polynomials.dir\debug\polynomials.tlog\cl.read.1.tlog
k:\labs\2year\polynomials\build\polynomials.dir\debug\polynomials.tlog\cl.write.1.tlog
k:\labs\2year\polynomials\build\polynomials.dir\debug\polynomials.tlog\custombuild.command.1.tlog
k:\labs\2year\polynomials\build\polynomials.dir\debug\polynomials.tlog\custombuild.read.1.tlog
k:\labs\2year\polynomials\build\polynomials.dir\debug\polynomials.tlog\custombuild.write.1.tlog
k:\labs\2year\polynomials\build\polynomials.dir\debug\polynomials.tlog\lib-link.read.1.tlog
k:\labs\2year\polynomials\build\polynomials.dir\debug\polynomials.tlog\lib-link.write.1.tlog
k:\labs\2year\polynomials\build\polynomials.dir\debug\polynomials.tlog\lib.command.1.tlog
